<?xml version="1.0" encoding="UTF-8"?>
<!-- Generated by org.testng.reporters.JUnitReportReporter -->
<testsuite hostname="NDATSTNPC074" name="com.markit.kyc.citrus.TaskBatchUploadFundTest" tests="1" failures="0" timestamp="14 Jun 2016 14:01:19 GMT" time="27.500" errors="0">
  <testcase name="batchUploadfundTest" time="27.500" classname="com.markit.kyc.citrus.TaskBatchUploadFundTest"/>
</testsuite> <!-- com.markit.kyc.citrus.TaskBatchUploadFundTest -->
