<?xml version="1.0" encoding="UTF-8"?>
<!-- Generated by org.testng.reporters.JUnitReportReporter -->
<testsuite hostname="NDATSTNPC074" name="com.markit.kyc.citrus.MCPMDocumentUploadTest" tests="1" failures="0" timestamp="26 Feb 2016 07:18:59 GMT" time="2.720" errors="0">
  <testcase name="mcpmDocumentUploadTest" time="2.720" classname="com.markit.kyc.citrus.MCPMDocumentUploadTest"/>
</testsuite> <!-- com.markit.kyc.citrus.MCPMDocumentUploadTest -->
