<?xml version="1.0" encoding="UTF-8"?>
<!-- Generated by org.testng.reporters.JUnitReportReporter -->
<testsuite hostname="NDATSTNPC074" name="com.markit.kyc.citrus.CreateCaseTest" tests="1" failures="0" timestamp="25 Jul 2016 15:42:18 GMT" time="11.062" errors="0">
  <testcase name="createCaseTest" time="11.062" classname="com.markit.kyc.citrus.CreateCaseTest"/>
</testsuite> <!-- com.markit.kyc.citrus.CreateCaseTest -->
