<?xml version="1.0" encoding="UTF-8"?>
<!-- Generated by org.testng.reporters.JUnitReportReporter -->
<testsuite hostname="NDATSTNPC074" name="com.markit.kyc.citrus.PegaCompletedCaseFundTest" tests="1" failures="0" timestamp="28 Dec 2015 13:29:34 GMT" time="131.317" errors="0">
  <testcase name="pegaCompletedCaseFundTest" time="131.317" classname="com.markit.kyc.citrus.PegaCompletedCaseFundTest"/>
</testsuite> <!-- com.markit.kyc.citrus.PegaCompletedCaseFundTest -->
