<?xml version="1.0" encoding="UTF-8"?>
<!-- Generated by org.testng.reporters.JUnitReportReporter -->
<testsuite hostname="NDATSTNPC074" name="com.markit.kyc.citrus.MatchEntityTest" tests="1" failures="0" timestamp="26 Feb 2016 06:54:39 GMT" time="24.832" errors="0">
  <testcase name="matchEntityTest" time="24.832" classname="com.markit.kyc.citrus.MatchEntityTest"/>
</testsuite> <!-- com.markit.kyc.citrus.MatchEntityTest -->
