<?xml version="1.0" encoding="UTF-8"?>
<!-- Generated by org.testng.reporters.JUnitReportReporter -->
<testsuite hostname="NDATSTNPC074" name="com.markit.kyc.citrus.PegaCaseAcknowledgeTest" tests="1" failures="0" timestamp="25 Jul 2016 15:42:18 GMT" time="26.717" errors="0">
  <testcase name="pegaCaseAcknowledgeTest" time="26.717" classname="com.markit.kyc.citrus.PegaCaseAcknowledgeTest"/>
</testsuite> <!-- com.markit.kyc.citrus.PegaCaseAcknowledgeTest -->
