<?xml version="1.0" encoding="UTF-8"?>
<!-- Generated by org.testng.reporters.JUnitReportReporter -->
<testsuite hostname="NDATSTNPC074" name="com.markit.kyc.citrus.Ky3pAuthTokenGenerationTest" tests="1" failures="0" timestamp="3 Mar 2017 11:27:47 GMT" time="5.997" errors="0">
  <testcase name="authTokenTest" time="5.997" classname="com.markit.kyc.citrus.Ky3pAuthTokenGenerationTest"/>
</testsuite> <!-- com.markit.kyc.citrus.Ky3pAuthTokenGenerationTest -->
