<?xml version="1.0" encoding="UTF-8"?>
<!-- Generated by org.testng.reporters.JUnitReportReporter -->
<testsuite hostname="NDATSTNPC074" name="com.markit.kyc.citrus.MCPMCreateEntityTest" tests="1" failures="0" timestamp="25 Jul 2016 15:58:35 GMT" time="63.066" errors="0">
  <testcase name="mcpmCreateEntityTest" time="63.066" classname="com.markit.kyc.citrus.MCPMCreateEntityTest"/>
</testsuite> <!-- com.markit.kyc.citrus.MCPMCreateEntityTest -->
