<?xml version="1.0" encoding="UTF-8"?>
<!-- Generated by org.testng.reporters.JUnitReportReporter -->
<testsuite hostname="NDATSTNPC074" name="com.markit.kyc.citrus.TaskBatchUploadFundTest" tests="1" failures="0" timestamp="2 Aug 2016 19:56:33 GMT" time="27.583" errors="0">
  <testcase name="batchUploadfundTest" time="27.583" classname="com.markit.kyc.citrus.TaskBatchUploadFundTest"/>
</testsuite> <!-- com.markit.kyc.citrus.TaskBatchUploadFundTest -->
