<?xml version="1.0" encoding="UTF-8"?>
<!-- Generated by org.testng.reporters.JUnitReportReporter -->
<testsuite hostname="NDATSTNPC074" name="com.markit.kyc.citrus.PegaDocUploadTest" tests="1" failures="0" timestamp="24 Mar 2017 06:24:40 GMT" time="19.892" errors="0">
  <testcase name="pegaDocUploadTest" time="19.892" classname="com.markit.kyc.citrus.PegaDocUploadTest"/>
</testsuite> <!-- com.markit.kyc.citrus.PegaDocUploadTest -->
