<?xml version="1.0" encoding="UTF-8"?>
<!-- Generated by org.testng.reporters.JUnitReportReporter -->
<testsuite hostname="NDATSTNPC074" name="com.markit.kyc.citrus.BatchUploadFundTest" tests="1" failures="0" timestamp="21 Jan 2016 11:48:54 GMT" time="35.783" errors="0">
  <testcase name="batchUploadfundTest" time="35.783" classname="com.markit.kyc.citrus.BatchUploadFundTest"/>
</testsuite> <!-- com.markit.kyc.citrus.BatchUploadFundTest -->
